  violation type: Metal Spacing
    srcs: net:net4425 
    bbox = ( 501.92, 734.68 ) - ( 502.21, 734.73 ) on Layer Metal2
  violation type: Metal Spacing
    srcs: net:net3693 
    bbox = ( 499.58, 738.46 ) - ( 499.87, 738.63 ) on Layer Metal2
  violation type: Metal Spacing
    srcs: net:net3772 net:net1514 
    bbox = ( 526.46, 727.75 ) - ( 526.66, 727.76 ) on Layer Metal2
  violation type: Metal Spacing
    srcs: net:net3772 net:net1514 
    bbox = ( 526.42, 727.76 ) - ( 526.46, 727.84 ) on Layer Metal2
  violation type: Metal Spacing
    srcs: net:net3194 
    bbox = ( 531.21, 738.46 ) - ( 531.46, 738.59 ) on Layer Metal2
  violation type: Metal Spacing
    srcs: net:net4424 
    bbox = ( 506.995, 724.35 ) - ( 507.46, 724.4 ) on Layer Metal2
  violation type: Metal Spacing
    srcs: net:net4424 
    bbox = ( 520.915, 727.12 ) - ( 521.38, 727.17 ) on Layer Metal2
  violation type: Metal Spacing
    srcs: net:net4425 
    bbox = ( 504.595, 734.68 ) - ( 505.045, 734.73 ) on Layer Metal2
  violation type: Metal Spacing
    srcs: net:net3183 
    bbox = ( 537.93, 738.46 ) - ( 538.18, 738.59 ) on Layer Metal2
  violation type: Metal Spacing
    srcs: net:net3547 
    bbox = ( 921.5, 1055.98 ) - ( 921.79, 1056.15 ) on Layer Metal2
  violation type: Metal Spacing
    srcs: net:net1137 
    bbox = ( 937.82, 1052.62 ) - ( 938.065, 1052.79 ) on Layer Metal2
  violation type: Metal Spacing
    srcs: net:net3548 
    bbox = ( 924.38, 1055.98 ) - ( 924.67, 1056.15 ) on Layer Metal2
  violation type: Metal Spacing
    srcs: net:i_croc_soc/i_croc/i_dm_top.i_dm_top/_3288_ 
    bbox = ( 749.985, 882.73 ) - ( 750.21, 882.74 ) on Layer Metal2
  violation type: Metal Spacing
    srcs: net:i_croc_soc/i_croc/i_dm_top.i_dm_top/_3299_ 
    bbox = ( 753.98, 882.1 ) - ( 754.27, 882.27 ) on Layer Metal2
  violation type: Metal Spacing
    srcs: net:i_croc_soc/i_croc/core_instr_obi_req_56_ 
    bbox = ( 955.01, 996.01 ) - ( 955.3, 996.14 ) on Layer Metal2
  violation type: Short
    srcs: net:net1142 net:net2687 
    bbox = ( 938.495, 1060.31 ) - ( 938.5, 1060.39 ) on Layer Metal2
  violation type: Metal Spacing
    srcs: net:net1142 
    bbox = ( 920.54, 1060.18 ) - ( 920.795, 1060.35 ) on Layer Metal2
  violation type: Metal Spacing
    srcs: net:net3388 
    bbox = ( 900.86, 1052.62 ) - ( 901.15, 1052.79 ) on Layer Metal2
  violation type: Metal Spacing
    srcs: net:net3388 
    bbox = ( 903.26, 1052.62 ) - ( 903.505, 1052.79 ) on Layer Metal2
  violation type: Metal Spacing
    srcs: net:i_croc_soc/i_croc/all_sbr_obi_rsp_107_ net:net1443 
    bbox = ( 957.18, 1211.6 ) - ( 957.28, 1211.69 ) on Layer Metal2
  violation type: Metal Spacing
    srcs: net:i_croc_soc/i_croc/all_sbr_obi_rsp_110_ net:net1443 
    bbox = ( 961.98, 1215.16 ) - ( 962.08, 1215.17 ) on Layer Metal2
  violation type: Metal Spacing
    srcs: net:i_croc_soc/i_croc/all_sbr_obi_rsp_107_ 
    bbox = ( 957.5, 1211.38 ) - ( 957.7, 1211.49 ) on Layer Metal2
  violation type: Metal Spacing
    srcs: net:i_croc_soc/i_croc/all_sbr_obi_rsp_107_ 
    bbox = ( 957.28, 1211.38 ) - ( 957.7, 1211.49 ) on Layer Metal2
  violation type: Metal Spacing
    srcs: net:net3368 
    bbox = ( 969.5, 1229.86 ) - ( 969.745, 1230.03 ) on Layer Metal2
  violation type: Metal Spacing
    srcs: net:net3368 
    bbox = ( 969.5, 1234.06 ) - ( 969.745, 1234.23 ) on Layer Metal2
  violation type: Metal Spacing
    srcs: net:i_croc_soc/i_croc/_1338_ net:net3828 
    bbox = ( 970.795, 1241.84 ) - ( 970.94, 1242.04 ) on Layer Metal2
  violation type: Metal Spacing
    srcs: net:i_croc_soc/i_croc/_1338_ 
    bbox = ( 966.14, 1229.86 ) - ( 966.385, 1230.03 ) on Layer Metal2
  violation type: Metal Spacing
    srcs: net:i_croc_soc/i_croc/_1338_ 
    bbox = ( 974.3, 1229.86 ) - ( 974.59, 1230.03 ) on Layer Metal2
  violation type: Metal Spacing
    srcs: net:net3068 
    bbox = ( 990.14, 1234.06 ) - ( 990.385, 1234.23 ) on Layer Metal2
  violation type: Metal Spacing
    srcs: net:net3068 
    bbox = ( 982.94, 1237.42 ) - ( 983.185, 1237.59 ) on Layer Metal2
  violation type: Metal Spacing
    srcs: net:net3068 
    bbox = ( 985.34, 1241.62 ) - ( 985.585, 1241.79 ) on Layer Metal2
  violation type: Metal Spacing
    srcs: net:net2636 
    bbox = ( 998.3, 1229.86 ) - ( 998.545, 1230.03 ) on Layer Metal2
  violation type: Metal Spacing
    srcs: net:net2636 
    bbox = ( 994.94, 1234.06 ) - ( 995.23, 1234.23 ) on Layer Metal2
  violation type: Metal Spacing
    srcs: net:i_croc_soc/i_croc/_1484_ 
    bbox = ( 987.63, 1234.06 ) - ( 987.885, 1234.11 ) on Layer Metal2
  violation type: Metal Spacing
    srcs: net:net3069 
    bbox = ( 980.54, 1241.62 ) - ( 980.83, 1241.79 ) on Layer Metal2
  violation type: Metal Spacing
    srcs: net:net2634 
    bbox = ( 996.38, 1244.98 ) - ( 996.625, 1245.15 ) on Layer Metal2
  violation type: Metal Spacing
    srcs: net:net2634 
    bbox = ( 993.98, 1249.18 ) - ( 994.27, 1249.35 ) on Layer Metal2
  violation type: Metal Spacing
    srcs: net:net2634 
    bbox = ( 986.78, 1249.18 ) - ( 987.07, 1249.35 ) on Layer Metal2
  violation type: Metal Spacing
    srcs: net:net2635 
    bbox = ( 996.38, 1249.18 ) - ( 996.625, 1249.35 ) on Layer Metal2
  violation type: Metal Spacing
    srcs: net:i_croc_soc/i_croc/_1477_ 
    bbox = ( 973.715, 1249.18 ) - ( 973.965, 1249.22 ) on Layer Metal2
  violation type: Metal Spacing
    srcs: net:i_croc_soc/i_croc/_0600_ 
    bbox = ( 978.115, 1249.64 ) - ( 978.315, 1249.82 ) on Layer Metal2
  violation type: Metal Spacing
    srcs: net:i_croc_soc/i_croc/_0600_ 
    bbox = ( 978.115, 1249.64 ) - ( 978.34, 1249.82 ) on Layer Metal2
  violation type: Metal Spacing
    srcs: net:net2840 net:net2664 
    bbox = ( 966.62, 996.13 ) - ( 966.82, 996.14 ) on Layer Metal2
  violation type: Metal Spacing
    srcs: net:net2840 net:net2664 
    bbox = ( 966.62, 996.13 ) - ( 966.955, 996.14 ) on Layer Metal2
  violation type: Metal Spacing
    srcs: net:net2840 net:net2664 
    bbox = ( 966.955, 995.88 ) - ( 967.1, 996.13 ) on Layer Metal2
  violation type: Metal Spacing
    srcs: net:net2840 net:net2664 
    bbox = ( 966.955, 995.88 ) - ( 967.1, 995.92 ) on Layer Metal2
  violation type: Metal Spacing
    srcs: net:net3857 
    bbox = ( 962.975, 1207.65 ) - ( 963.22, 1207.82 ) on Layer Metal2
  violation type: Metal Spacing
    srcs: net:net3067 
    bbox = ( 820.235, 1218.94 ) - ( 820.51, 1219.11 ) on Layer Metal2
  violation type: Metal Spacing
    srcs: net:net3067 
    bbox = ( 828.38, 1218.94 ) - ( 828.67, 1219.11 ) on Layer Metal2
  violation type: Metal Spacing
    srcs: net:net3059 
    bbox = ( 823.1, 1229.86 ) - ( 823.345, 1230.03 ) on Layer Metal2
  violation type: Metal Spacing
    srcs: net:net3817 net:net3366 
    bbox = ( 827.42, 1234.48 ) - ( 827.62, 1234.49 ) on Layer Metal2
  violation type: Metal Spacing
    srcs: net:net3366 net:net5768 
    bbox = ( 841.06, 1237.64 ) - ( 841.13, 1237.7 ) on Layer Metal2
  violation type: Metal Spacing
    srcs: net:net3366 net:net5768 
    bbox = ( 841.06, 1237.64 ) - ( 841.075, 1237.7 ) on Layer Metal2
  violation type: Metal Spacing
    srcs: net:net3817 
    bbox = ( 826.94, 1234.48 ) - ( 827.185, 1234.49 ) on Layer Metal2
  violation type: Short
    srcs: net:net3817 net:net5768 
    bbox = ( 841.13, 1238.06 ) - ( 841.33, 1238.26 ) on Layer Metal2
  violation type: Short
    srcs: net:net3817 net:net5768 
    bbox = ( 841.085, 1238.06 ) - ( 841.375, 1238.26 ) on Layer Metal2
  violation type: Metal Spacing
    srcs: net:net1145 
    bbox = ( 918.995, 1045.06 ) - ( 919.26, 1045.11 ) on Layer Metal2
  violation type: Metal Spacing
    srcs: net:net1145 
    bbox = ( 911.86, 1045.06 ) - ( 912.15, 1045.23 ) on Layer Metal2
  violation type: Metal Spacing
    srcs: net:net1145 
    bbox = ( 925.82, 1049.05 ) - ( 926.07, 1049.06 ) on Layer Metal2
  violation type: Metal Spacing
    srcs: net:net3547 
    bbox = ( 918.62, 1048.42 ) - ( 918.91, 1048.59 ) on Layer Metal2
  violation type: Metal Spacing
    srcs: net:i_croc_soc/i_croc/_0567_ 
    bbox = ( 927.235, 1045.06 ) - ( 927.435, 1045.23 ) on Layer Metal2
  violation type: Metal Spacing
    srcs: net:i_croc_soc/i_croc/_0567_ 
    bbox = ( 927.235, 1045.06 ) - ( 927.46, 1045.23 ) on Layer Metal2
  violation type: Metal Spacing
    srcs: net:i_croc_soc/i_croc/_0402_ 
    bbox = ( 933.98, 1045.06 ) - ( 934.225, 1045.23 ) on Layer Metal2
  violation type: Metal Spacing
    srcs: net:net3369 
    bbox = ( 950.78, 1237.42 ) - ( 951.07, 1237.59 ) on Layer Metal2
  violation type: Metal Spacing
    srcs: net:i_croc_soc/i_croc/i_core_wrap/i_ibex.register_file_i/rf_reg_65_ net:net1735 
    bbox = ( 1422.43, 1018.4 ) - ( 1422.62, 1018.6 ) on Layer Metal2
  violation type: Metal Spacing
    srcs: net:i_croc_soc/i_croc/i_core_wrap/i_ibex.register_file_i/rf_reg_65_ net:net1676 
    bbox = ( 1422.92, 1018.57 ) - ( 1423.1, 1018.6 ) on Layer Metal2
  violation type: Metal Spacing
    srcs: net:net3918 net:net3148 
    bbox = ( 412.675, 647.96 ) - ( 412.88, 648.16 ) on Layer Metal2
  violation type: Metal Spacing
    srcs: net:net3918 net:net3148 
    bbox = ( 415.59, 648.16 ) - ( 415.76, 648.17 ) on Layer Metal2
  violation type: Metal Spacing
    srcs: net:i_croc_soc/i_croc/i_dmi_jtag/_0309_ 
    bbox = ( 405.98, 647.74 ) - ( 406.225, 647.91 ) on Layer Metal2
  violation type: Metal Spacing
    srcs: net:net3148 
    bbox = ( 415.26, 648.37 ) - ( 415.59, 648.38 ) on Layer Metal2
  violation type: Metal Spacing
    srcs: net:i_croc_soc/i_croc/i_dmi_jtag/_0278_ net:net3148 
    bbox = ( 414.91, 652.11 ) - ( 415.1, 652.15 ) on Layer Metal2
  violation type: Metal Spacing
    srcs: net:net3710 net:i_croc_soc/i_croc/i_dm_top.i_dm_top/_1741_ 
    bbox = ( 604.99, 894.08 ) - ( 605.155, 894.28 ) on Layer Metal2
  violation type: Metal Spacing
    srcs: net:net3710 net:i_croc_soc/i_croc/i_dm_top.i_dm_top/_1733_ 
    bbox = ( 605.875, 894.08 ) - ( 606.035, 894.28 ) on Layer Metal2
  violation type: Metal Spacing
    srcs: net:i_croc_soc/i_croc/i_dm_top.i_dm_top/_3313_ net:i_croc_soc/i_croc/i_dm_top.i_dm_top/_3358_ 
    bbox = ( 743.115, 859.64 ) - ( 743.2, 859.84 ) on Layer Metal2
  violation type: Metal Spacing
    srcs: net:i_croc_soc/i_croc/i_dm_top.i_dm_top/_3313_ net:i_croc_soc/i_croc/i_dm_top.i_dm_top/_3358_ 
    bbox = ( 743.115, 859.64 ) - ( 743.18, 859.84 ) on Layer Metal2
  violation type: Metal Spacing
    srcs: net:net4115 net:net1107 
    bbox = ( 744.87, 867.2 ) - ( 745.04, 867.4 ) on Layer Metal2
  violation type: Metal Spacing
    srcs: net:net2180 
    bbox = ( 749.18, 882.1 ) - ( 749.47, 882.27 ) on Layer Metal2
  violation type: Metal Spacing
    srcs: inst:fanout2610 net:net2610 
    bbox = ( 965.23, 1033.52 ) - ( 965.385, 1033.72 ) on Layer Metal1
  violation type: Metal Spacing
    srcs: net:net2665 
    bbox = ( 963.74, 1014.82 ) - ( 963.985, 1014.99 ) on Layer Metal2
  violation type: Metal Spacing
    srcs: net:net2665 
    bbox = ( 968.54, 1014.82 ) - ( 968.785, 1014.99 ) on Layer Metal2
  violation type: Metal Spacing
    srcs: net:net2665 
    bbox = ( 957.5, 1018.18 ) - ( 957.79, 1018.35 ) on Layer Metal2
  violation type: Metal Spacing
    srcs: net:net2666 
    bbox = ( 956.06, 1025.74 ) - ( 956.305, 1025.91 ) on Layer Metal2
  violation type: Metal Spacing
    srcs: net:net2666 
    bbox = ( 954.14, 1029.94 ) - ( 954.43, 1030.11 ) on Layer Metal2
  violation type: Metal Spacing
    srcs: net:i_croc_soc/i_croc/_2938_ 
    bbox = ( 958.94, 1029.94 ) - ( 959.185, 1030.11 ) on Layer Metal2
  violation type: Metal Spacing
    srcs: net:net3533 
    bbox = ( 970.94, 1033.3 ) - ( 971.23, 1033.47 ) on Layer Metal2
  violation type: Metal Spacing
    srcs: net:net3533 
    bbox = ( 969.02, 1037.5 ) - ( 969.265, 1037.67 ) on Layer Metal2
  violation type: Metal Spacing
    srcs: net:i_croc_soc/i_croc/_0345_ 
    bbox = ( 985.34, 1033.3 ) - ( 985.63, 1033.47 ) on Layer Metal2
  violation type: Metal Spacing
    srcs: net:i_croc_soc/i_croc/i_timer/_0344_ net:i_croc_soc/i_croc/i_timer/_0378_ 
    bbox = ( 851.25, 670.84 ) - ( 851.42, 670.85 ) on Layer Metal2
  violation type: Metal Spacing
    srcs: net:i_croc_soc/i_croc/i_timer/_0344_ net:i_croc_soc/i_croc/i_timer/counter_lo_i.counter_value_o_17_ 
    bbox = ( 849.03, 667.28 ) - ( 849.17, 667.385 ) on Layer Metal2
  violation type: Short
    srcs: net:i_croc_soc/i_croc/i_timer/_0344_ net:i_croc_soc/i_croc/i_timer/counter_lo_i.counter_value_o_17_ 
    bbox = ( 849.5, 670.85 ) - ( 849.7, 670.935 ) on Layer Metal2
  violation type: Short
    srcs: net:i_croc_soc/i_croc/i_timer/_0344_ net:i_croc_soc/i_croc/i_timer/counter_lo_i.counter_value_o_17_ 
    bbox = ( 849.695, 670.8 ) - ( 849.7, 670.935 ) on Layer Metal2
  violation type: Short
    srcs: net:i_croc_soc/i_croc/i_timer/_0344_ net:i_croc_soc/i_croc/i_timer/counter_lo_i.counter_value_o_17_ 
    bbox = ( 849.455, 670.85 ) - ( 849.7, 670.935 ) on Layer Metal2
  violation type: Short
    srcs: net:i_croc_soc/i_croc/i_timer/_0344_ net:i_croc_soc/i_croc/i_timer/_0378_ 
    bbox = ( 850.46, 670.22 ) - ( 850.66, 670.42 ) on Layer Metal3
  violation type: Metal Spacing
    srcs: net:i_croc_soc/i_croc/_0149_ net:i_croc_soc/i_croc/_0151_ 
    bbox = ( 863.62, 1101.72 ) - ( 863.645, 1101.76 ) on Layer Metal2
  violation type: Metal Spacing
    srcs: net:i_croc_soc/i_croc/_0149_ net:i_croc_soc/i_croc/_0151_ 
    bbox = ( 863.62, 1101.72 ) - ( 863.66, 1101.76 ) on Layer Metal2
  violation type: Metal Spacing
    srcs: net:i_croc_soc/i_croc/_0149_ net:i_croc_soc/i_croc/_0151_ 
    bbox = ( 863.62, 1101.76 ) - ( 863.645, 1101.77 ) on Layer Metal2
  violation type: Metal Spacing
    srcs: net:i_croc_soc/i_croc/_1338_ 
    bbox = ( 964.22, 1252.54 ) - ( 964.465, 1252.71 ) on Layer Metal2
  violation type: Metal Spacing
    srcs: net:i_croc_soc/i_croc/i_dm_top.master_addr_o_20_ net:net1550 
    bbox = ( 622.075, 999.82 ) - ( 622.12, 999.91 ) on Layer Metal2
  violation type: Metal Spacing
    srcs: net:net3063 
    bbox = ( 716.04, 1222.3 ) - ( 716.35, 1222.47 ) on Layer Metal2
  violation type: Metal Spacing
    srcs: net:net572 
    bbox = ( 706.695, 1211.38 ) - ( 706.92, 1211.39 ) on Layer Metal2
  violation type: Metal Spacing
    srcs: net:net3362 
    bbox = ( 736.22, 1211.38 ) - ( 736.51, 1211.55 ) on Layer Metal2
  violation type: Metal Spacing
    srcs: net:net3362 
    bbox = ( 733.82, 1211.38 ) - ( 734.215, 1211.55 ) on Layer Metal2
  violation type: Metal Spacing
    srcs: net:net3362 
    bbox = ( 738.14, 1226.5 ) - ( 738.43, 1226.67 ) on Layer Metal2
  violation type: Metal Spacing
    srcs: net:i_croc_soc/i_croc/_0901_ 
    bbox = ( 729.98, 1214.74 ) - ( 730.18, 1214.93 ) on Layer Metal2
  violation type: Metal Spacing
    srcs: net:i_croc_soc/i_croc/_0901_ 
    bbox = ( 729.98, 1214.74 ) - ( 730.66, 1214.93 ) on Layer Metal2
  violation type: Metal Spacing
    srcs: net:i_croc_soc/i_croc/_0901_ net:i_croc_soc/i_croc/_1422_ 
    bbox = ( 729.98, 1215.37 ) - ( 730.18, 1215.38 ) on Layer Metal2
  violation type: Metal Spacing
    srcs: net:i_croc_soc/i_croc/_0901_ 
    bbox = ( 729.98, 1215.13 ) - ( 730.25, 1215.17 ) on Layer Metal2
  violation type: Metal Spacing
    srcs: net:i_croc_soc/i_croc/_0901_ net:i_croc_soc/i_croc/_1422_ 
    bbox = ( 729.96, 1215.37 ) - ( 730.25, 1215.38 ) on Layer Metal2
  violation type: Metal Spacing
    srcs: net:i_croc_soc/i_croc/_1422_ 
    bbox = ( 729.46, 1215.34 ) - ( 729.725, 1215.38 ) on Layer Metal2
  violation type: Metal Spacing
    srcs: net:net3064 
    bbox = ( 717.98, 1237.42 ) - ( 718.27, 1237.59 ) on Layer Metal2
  violation type: Metal Spacing
    srcs: net:net3064 
    bbox = ( 720.38, 1237.42 ) - ( 720.84, 1237.59 ) on Layer Metal2
  violation type: Metal Spacing
    srcs: net:net2627 
    bbox = ( 711.26, 1237.42 ) - ( 711.55, 1237.59 ) on Layer Metal2
  violation type: Metal Spacing
    srcs: net:net2627 
    bbox = ( 717.5, 1241.62 ) - ( 717.745, 1241.79 ) on Layer Metal2
  violation type: Metal Spacing
    srcs: net:net3363 
    bbox = ( 733.34, 1237.42 ) - ( 733.63, 1237.59 ) on Layer Metal2
  violation type: Metal Spacing
    srcs: net:net3363 
    bbox = ( 734.78, 1241.62 ) - ( 735.025, 1241.79 ) on Layer Metal2
  violation type: Metal Spacing
    srcs: net:i_croc_soc/i_croc/i_soc_ctrl/_093_ 
    bbox = ( 808.7, 912.34 ) - ( 808.945, 912.51 ) on Layer Metal2
  violation type: Metal Spacing
    srcs: net:i_croc_soc/i_croc/soc_ctrl_reg2hw_0_ net:i_croc_soc/i_croc/i_soc_ctrl/_093_ 
    bbox = ( 808.99, 912.76 ) - ( 809.18, 912.77 ) on Layer Metal2
  violation type: Metal Spacing
    srcs: net:i_croc_soc/i_croc/all_periph_obi_req_194_ net:i_croc_soc/i_croc/i_soc_ctrl/_094_ 
    bbox = ( 805.63, 916.76 ) - ( 805.82, 916.86 ) on Layer Metal2
  violation type: Metal Spacing
    srcs: net:i_croc_soc/i_croc/all_periph_obi_req_194_ net:i_croc_soc/i_croc/i_soc_ctrl/_094_ 
    bbox = ( 805.63, 916.785 ) - ( 805.82, 916.86 ) on Layer Metal2
  violation type: Short
    srcs: net:i_croc_soc/i_croc/all_periph_obi_req_194_ net:i_croc_soc/i_croc/i_soc_ctrl/_094_ 
    bbox = ( 805.35, 916.76 ) - ( 805.63, 916.855 ) on Layer Metal2
  violation type: Short
    srcs: net:i_croc_soc/i_croc/all_periph_obi_req_194_ net:i_croc_soc/i_croc/i_soc_ctrl/_094_ 
    bbox = ( 805.35, 916.76 ) - ( 805.475, 916.855 ) on Layer Metal2
  violation type: Short
    srcs: net:i_croc_soc/i_croc/all_periph_obi_req_194_ net:i_croc_soc/i_croc/i_soc_ctrl/_094_ 
    bbox = ( 805.35, 916.785 ) - ( 805.475, 916.855 ) on Layer Metal2
  violation type: Short
    srcs: net:i_croc_soc/i_croc/all_periph_obi_req_194_ net:i_croc_soc/i_croc/i_soc_ctrl/_094_ 
    bbox = ( 805.35, 916.785 ) - ( 805.63, 916.855 ) on Layer Metal2
  violation type: Metal Spacing
    srcs: net:i_croc_soc/i_croc/all_periph_obi_req_194_ net:i_croc_soc/i_croc/soc_ctrl_reg2hw_0_ 
    bbox = ( 809.63, 912.77 ) - ( 809.745, 912.97 ) on Layer Metal2
  violation type: Metal Spacing
    srcs: inst:fanout3383 net:net3089 
    bbox = ( 798.67, 1033.52 ) - ( 798.825, 1033.72 ) on Layer Metal1
  violation type: Metal Spacing
    srcs: inst:fanout3539 net:net3077 
    bbox = ( 824.11, 1025.95 ) - ( 824.265, 1026.16 ) on Layer Metal1
  violation type: Metal Spacing
    srcs: inst:fanout3117 net:net3104 
    bbox = ( 836.59, 1033.52 ) - ( 836.745, 1033.72 ) on Layer Metal1
  violation type: Metal Spacing
    srcs: inst:fanout1123 net:net3127 
    bbox = ( 838.99, 1033.52 ) - ( 839.145, 1033.72 ) on Layer Metal1
  violation type: Metal Spacing
    srcs: net:net3384 
    bbox = ( 798.6, 1022.55 ) - ( 798.62, 1022.8 ) on Layer Metal2
  violation type: Short
    srcs: net:net3384 net:net3089 
    bbox = ( 798.4, 1022.6 ) - ( 798.41, 1022.8 ) on Layer Metal2
  violation type: Metal Spacing
    srcs: net:net3542 
    bbox = ( 795.55, 1037.67 ) - ( 795.74, 1037.92 ) on Layer Metal2
  violation type: Short
    srcs: net:i_croc_soc/i_croc/i_dm_top.master_wdata_o_1_ net:net3542 
    bbox = ( 795.935, 1037.72 ) - ( 795.94, 1037.92 ) on Layer Metal2
  violation type: Metal Spacing
    srcs: net:net3542 net:net1587 
    bbox = ( 800.725, 1037.71 ) - ( 800.755, 1037.72 ) on Layer Metal2
  violation type: Metal Spacing
    srcs: net:net3542 
    bbox = ( 797.66, 1037.5 ) - ( 797.95, 1037.67 ) on Layer Metal2
  violation type: Metal Spacing
    srcs: net:net3542 
    bbox = ( 803.57, 1037.5 ) - ( 803.88, 1037.51 ) on Layer Metal2
  violation type: Metal Spacing
    srcs: net:net3542 
    bbox = ( 803.57, 1037.5 ) - ( 803.86, 1037.51 ) on Layer Metal2
  violation type: Metal Spacing
    srcs: net:net1147 
    bbox = ( 798.1, 1029.94 ) - ( 798.34, 1029.95 ) on Layer Metal2
  violation type: Metal Spacing
    srcs: net:net1147 
    bbox = ( 798.055, 1029.94 ) - ( 798.345, 1029.98 ) on Layer Metal2
  violation type: Metal Spacing
    srcs: net:net1147 
    bbox = ( 794.78, 1029.94 ) - ( 795.005, 1029.98 ) on Layer Metal2
  violation type: Metal Spacing
    srcs: net:net1147 
    bbox = ( 806.78, 1033.93 ) - ( 807.03, 1033.94 ) on Layer Metal2
  violation type: Metal Spacing
    srcs: net:net1147 
    bbox = ( 815.375, 1033.83 ) - ( 815.6, 1033.94 ) on Layer Metal2
  violation type: Metal Spacing
    srcs: net:i_croc_soc/i_croc/i_dm_top.master_be_o_3_ net:net3538 
    bbox = ( 811.3, 1018.56 ) - ( 811.36, 1018.6 ) on Layer Metal2
  violation type: Metal Spacing
    srcs: net:i_croc_soc/i_croc/i_dm_top.master_be_o_3_ net:net3538 
    bbox = ( 811.3, 1018.6 ) - ( 811.36, 1018.61 ) on Layer Metal2
  violation type: Metal Spacing
    srcs: net:i_croc_soc/i_croc/_0626_ 
    bbox = ( 817.82, 1010.62 ) - ( 818.11, 1010.79 ) on Layer Metal2
  violation type: Metal Spacing
    srcs: net:net3104 
    bbox = ( 840.86, 1025.74 ) - ( 841.15, 1025.91 ) on Layer Metal2
  violation type: Metal Spacing
    srcs: net:net3102 
    bbox = ( 816.38, 1037.5 ) - ( 816.67, 1037.67 ) on Layer Metal2
  violation type: Metal Spacing
    srcs: net:i_croc_soc/i_croc/i_dm_top.master_addr_o_17_ 
    bbox = ( 903.74, 999.7 ) - ( 903.785, 999.71 ) on Layer Metal2
  violation type: Metal Spacing
    srcs: net:i_croc_soc/i_croc/i_dm_top.master_addr_o_17_ 
    bbox = ( 903.52, 999.7 ) - ( 903.785, 999.71 ) on Layer Metal2
  violation type: Metal Spacing
    srcs: net:i_croc_soc/i_croc/i_dm_top.master_addr_o_17_ net:net3531 
    bbox = ( 912.06, 1015.03 ) - ( 912.16, 1015.04 ) on Layer Metal2
  violation type: Metal Spacing
    srcs: net:i_croc_soc/i_croc/i_dm_top.master_addr_o_17_ net:net3531 
    bbox = ( 912.06, 1015.03 ) - ( 912.115, 1015.04 ) on Layer Metal2
  violation type: Metal Spacing
    srcs: net:net3531 
    bbox = ( 919.39, 1003.23 ) - ( 919.58, 1003.48 ) on Layer Metal2
  violation type: Metal Spacing
    srcs: net:i_croc_soc/i_croc/i_dm_top.master_addr_o_19_ net:net3531 
    bbox = ( 919.78, 1003.34 ) - ( 919.795, 1003.48 ) on Layer Metal2
  violation type: Metal Spacing
    srcs: net:i_croc_soc/i_croc/i_dm_top.master_addr_o_19_ net:net3531 
    bbox = ( 919.78, 1003.28 ) - ( 919.795, 1003.48 ) on Layer Metal2
  violation type: Metal Spacing
    srcs: net:i_croc_soc/i_croc/_2899_ net:i_croc_soc/i_croc/_2900_ 
    bbox = ( 918.45, 1015.03 ) - ( 918.62, 1015.04 ) on Layer Metal2
  violation type: Metal Spacing
    srcs: net:i_croc_soc/i_croc/_2860_ net:net3109 
    bbox = ( 915.985, 1014.82 ) - ( 916.165, 1014.83 ) on Layer Metal2
  violation type: Metal Spacing
    srcs: net:i_croc_soc/i_croc/_2860_ net:net3109 
    bbox = ( 915.985, 1014.82 ) - ( 916.165, 1014.87 ) on Layer Metal2
  violation type: Short
    srcs: net:i_croc_soc/i_croc/_2860_ net:net3110 
    bbox = ( 933.98, 1022.6 ) - ( 934.225, 1022.68 ) on Layer Metal2
  violation type: Short
    srcs: net:i_croc_soc/i_croc/_2860_ net:net3110 
    bbox = ( 933.98, 1022.39 ) - ( 934.18, 1022.68 ) on Layer Metal2
  violation type: Metal Spacing
    srcs: net:i_croc_soc/i_croc/_2860_ net:net3110 
    bbox = ( 933.98, 1022.38 ) - ( 934.225, 1022.39 ) on Layer Metal2
  violation type: Short
    srcs: net:i_croc_soc/i_croc/_2860_ net:net3110 
    bbox = ( 933.98, 1022.6 ) - ( 934.225, 1022.62 ) on Layer Metal2
  violation type: Short
    srcs: net:i_croc_soc/i_croc/_2860_ net:net3110 
    bbox = ( 933.98, 1022.42 ) - ( 934.18, 1022.62 ) on Layer Metal2
  violation type: Metal Spacing
    srcs: net:i_croc_soc/i_croc/_2860_ net:net3110 
    bbox = ( 933.98, 1022.38 ) - ( 934.225, 1022.42 ) on Layer Metal2
  violation type: Metal Spacing
    srcs: net:net3109 net:net722 
    bbox = ( 919.855, 1010.83 ) - ( 920.04, 1010.96 ) on Layer Metal2
  violation type: Metal Spacing
    srcs: net:net3109 
    bbox = ( 924.1, 1010.42 ) - ( 924.16, 1010.83 ) on Layer Metal2
  violation type: Metal Spacing
    srcs: net:net3109 
    bbox = ( 924.1, 1010.42 ) - ( 924.16, 1010.62 ) on Layer Metal2
  violation type: Metal Spacing
    srcs: net:net3109 
    bbox = ( 924.16, 1010.83 ) - ( 924.28, 1010.84 ) on Layer Metal2
  violation type: Metal Spacing
    srcs: net:net3109 
    bbox = ( 919.1, 1010.83 ) - ( 919.48, 1010.84 ) on Layer Metal2
  violation type: Metal Spacing
    srcs: net:net3109 
    bbox = ( 923.92, 1010.83 ) - ( 924.28, 1010.84 ) on Layer Metal2
  violation type: Metal Spacing
    srcs: net:net3109 
    bbox = ( 916.22, 1014.82 ) - ( 916.465, 1014.99 ) on Layer Metal2
  violation type: Metal Spacing
    srcs: net:net3110 
    bbox = ( 934.46, 1022.38 ) - ( 934.705, 1022.55 ) on Layer Metal2
  violation type: Short
    srcs: net:i_croc_soc/i_croc/i_core_wrap/_2559_ net:VDD 
    bbox = ( 1199.42, 1209.5 ) - ( 1199.62, 1209.7 ) on Layer Metal2
  violation type: Short
    srcs: net:i_croc_soc/i_croc/i_dmi_jtag/i_dmi_cdc.i_cdc_req/i_cdc_reset_ctrlr/i_cdc_reset_ctrlr_half_a/_062_ net:VSS 
    bbox = ( 516.93, 472.4 ) - ( 517.13, 472.6 ) on Layer Metal2
  violation type: Metal Spacing
    srcs: net:net4128 
    bbox = ( 729.98, 1147.33 ) - ( 730.27, 1147.34 ) on Layer Metal2
  violation type: Metal Spacing
    srcs: net:net1146 
    bbox = ( 800.98, 1045.06 ) - ( 801.22, 1045.07 ) on Layer Metal2
  violation type: Metal Spacing
    srcs: net:net1146 
    bbox = ( 800.98, 1045.06 ) - ( 801.2, 1045.07 ) on Layer Metal2
  violation type: Metal Spacing
    srcs: net:net1146 
    bbox = ( 800.975, 1045.06 ) - ( 801.245, 1045.24 ) on Layer Metal2
  violation type: Metal Spacing
    srcs: net:i_croc_soc/i_croc/_2860_ net:net748 
    bbox = ( 819.125, 1075.52 ) - ( 819.265, 1075.72 ) on Layer Metal2
  violation type: Metal Spacing
    srcs: net:i_croc_soc/i_croc/_2860_ net:net748 
    bbox = ( 819.125, 1075.52 ) - ( 819.265, 1075.63 ) on Layer Metal2
  violation type: Short
    srcs: net:i_croc_soc/i_croc/_2860_ net:net3105 
    bbox = ( 800.075, 1075.52 ) - ( 800.26, 1075.72 ) on Layer Metal2
  violation type: Short
    srcs: net:i_croc_soc/i_croc/_2860_ net:net3105 
    bbox = ( 800.06, 1075.51 ) - ( 800.26, 1075.51 ) on Layer Metal2
  violation type: Short
    srcs: net:i_croc_soc/i_croc/_2860_ net:net3105 
    bbox = ( 800.075, 1075.51 ) - ( 800.26, 1075.72 ) on Layer Metal2
  violation type: Metal Spacing
    srcs: net:i_croc_soc/i_croc/_2860_ net:net3105 
    bbox = ( 799.82, 1075.3 ) - ( 800.26, 1075.51 ) on Layer Metal2
  violation type: Short
    srcs: net:i_croc_soc/i_croc/_2860_ net:net3105 
    bbox = ( 800.075, 1075.52 ) - ( 800.305, 1075.72 ) on Layer Metal2
  violation type: Metal Spacing
    srcs: net:i_croc_soc/i_croc/_2860_ net:net3105 
    bbox = ( 800.06, 1075.51 ) - ( 800.275, 1075.52 ) on Layer Metal2
  violation type: Short
    srcs: net:i_croc_soc/i_croc/_2860_ net:net3105 
    bbox = ( 800.075, 1075.52 ) - ( 800.275, 1075.72 ) on Layer Metal2
  violation type: Metal Spacing
    srcs: net:net3105 
    bbox = ( 798.605, 1075.51 ) - ( 798.62, 1075.52 ) on Layer Metal2
  violation type: Metal Spacing
    srcs: net:net3105 net:net782 
    bbox = ( 798.82, 1075.51 ) - ( 798.86, 1075.52 ) on Layer Metal2
  violation type: Metal Spacing
    srcs: net:net3105 
    bbox = ( 798.4, 1075.51 ) - ( 798.605, 1075.52 ) on Layer Metal2
  violation type: Metal Spacing
    srcs: net:net3105 
    bbox = ( 818.3, 1075.51 ) - ( 818.305, 1075.52 ) on Layer Metal2
  violation type: Short
    srcs: net:net3105 net:net748 
    bbox = ( 818.495, 1075.43 ) - ( 818.5, 1075.51 ) on Layer Metal2
  violation type: Metal Spacing
    srcs: net:net3105 
    bbox = ( 818.26, 1075.51 ) - ( 818.3, 1075.52 ) on Layer Metal2
  violation type: Metal Spacing
    srcs: net:net3105 net:net748 
    bbox = ( 818.495, 1075.3 ) - ( 818.98, 1075.43 ) on Layer Metal2
  violation type: Metal Spacing
    srcs: net:net3105 net:net748 
    bbox = ( 818.735, 1075.3 ) - ( 818.98, 1075.43 ) on Layer Metal2
  violation type: Metal Spacing
    srcs: net:net3105 
    bbox = ( 818.08, 1075.51 ) - ( 818.305, 1075.52 ) on Layer Metal2
  violation type: Metal Spacing
    srcs: net:net3105 net:net748 
    bbox = ( 818.305, 1075.52 ) - ( 818.495, 1075.63 ) on Layer Metal2
  violation type: Metal Spacing
    srcs: net:net3527 
    bbox = ( 793.34, 1075.3 ) - ( 793.585, 1075.47 ) on Layer Metal2
  violation type: Metal Spacing
    srcs: net:net3527 
    bbox = ( 797.66, 1078.66 ) - ( 797.905, 1078.83 ) on Layer Metal2
  violation type: Metal Spacing
    srcs: net:net3528 
    bbox = ( 808.7, 1078.66 ) - ( 808.99, 1078.83 ) on Layer Metal2
  violation type: Metal Spacing
    srcs: net:net3528 
    bbox = ( 826.94, 1078.66 ) - ( 827.185, 1078.83 ) on Layer Metal2
  violation type: Metal Spacing
    srcs: net:net3103 
    bbox = ( 827.9, 1048.42 ) - ( 828.19, 1048.59 ) on Layer Metal2
  violation type: Metal Spacing
    srcs: net:net3103 
    bbox = ( 835.1, 1048.42 ) - ( 835.345, 1048.59 ) on Layer Metal2
  violation type: Metal Spacing
    srcs: net:net3525 
    bbox = ( 824.06, 1063.54 ) - ( 824.305, 1063.71 ) on Layer Metal2
  violation type: Metal Spacing
    srcs: net:net3102 
    bbox = ( 817.34, 1060.18 ) - ( 817.63, 1060.35 ) on Layer Metal2
  violation type: Metal Spacing
    srcs: net:net3102 
    bbox = ( 822.14, 1060.18 ) - ( 822.43, 1060.35 ) on Layer Metal2
  violation type: Short
    srcs: net:i_croc_soc/i_croc/_2713_ net:VSS 
    bbox = ( 926.72, 1175.48 ) - ( 926.92, 1175.68 ) on Layer Metal2
  violation type: Metal Spacing
    srcs: net:net3165 
    bbox = ( 464.74, 519.85 ) - ( 464.995, 519.86 ) on Layer Metal2
  violation type: Metal Spacing
    srcs: net:net3913 net:net3165 
    bbox = ( 470.785, 523.64 ) - ( 470.975, 523.745 ) on Layer Metal2
  violation type: Metal Spacing
    srcs: net:net3165 net:i_croc_soc/i_croc/i_dmi_jtag/_0997_ 
    bbox = ( 489, 534.56 ) - ( 489.185, 534.76 ) on Layer Metal2
  violation type: Metal Spacing
    srcs: net:net3165 
    bbox = ( 489.02, 534.34 ) - ( 489.385, 534.425 ) on Layer Metal2
  violation type: Metal Spacing
    srcs: net:net3165 net:i_croc_soc/i_croc/i_dmi_jtag/_0997_ 
    bbox = ( 489, 534.56 ) - ( 489.02, 534.76 ) on Layer Metal2
  violation type: Metal Spacing
    srcs: net:net3921 net:net3147 
    bbox = ( 454.47, 614.36 ) - ( 454.64, 614.56 ) on Layer Metal2
  violation type: Metal Spacing
    srcs: net:net3921 net:net3147 
    bbox = ( 467.43, 617.92 ) - ( 467.615, 617.93 ) on Layer Metal2
  violation type: Metal Spacing
    srcs: net:net3147 
    bbox = ( 467.135, 618.13 ) - ( 467.43, 618.14 ) on Layer Metal2
  violation type: Metal Spacing
    srcs: net:net3147 
    bbox = ( 448.925, 636.82 ) - ( 449.19, 636.83 ) on Layer Metal2
  violation type: Metal Spacing
    srcs: net:net3922 net:net3147 
    bbox = ( 449.19, 637.03 ) - ( 449.36, 637.04 ) on Layer Metal2
  violation type: Metal Spacing
    srcs: net:net3923 net:net3148 
    bbox = ( 467.89, 632.935 ) - ( 468.095, 633.04 ) on Layer Metal2
  violation type: Metal Spacing
    srcs: net:net3921 net:net3169 
    bbox = ( 470.305, 614.36 ) - ( 470.495, 614.56 ) on Layer Metal2
  violation type: Metal Spacing
    srcs: net:i_croc_soc/i_user/_27_ net:i_croc_soc/i_user/i_obi_demux.i_counter.q_o 
    bbox = ( 749.895, 1128.44 ) - ( 749.95, 1128.57 ) on Layer Metal2
  violation type: Metal Spacing
    srcs: net:i_croc_soc/i_user/_23_ net:i_croc_soc/i_user/_24_ 
    bbox = ( 756.175, 1124.44 ) - ( 756.38, 1124.45 ) on Layer Metal2
  violation type: Metal Spacing
    srcs: net:i_croc_soc/i_user/_22_ net:i_croc_soc/i_user/_23_ 
    bbox = ( 756.86, 1124.31 ) - ( 757.06, 1124.45 ) on Layer Metal2
  violation type: Metal Spacing
    srcs: net:i_croc_soc/i_user/_22_ net:i_croc_soc/i_user/_23_ 
    bbox = ( 756.545, 1124.44 ) - ( 756.67, 1124.45 ) on Layer Metal2
  violation type: Metal Spacing
    srcs: net:i_croc_soc/i_user/_22_ net:i_croc_soc/i_user/_23_ 
    bbox = ( 756.545, 1124.31 ) - ( 757.06, 1124.45 ) on Layer Metal2
  violation type: Metal Spacing
    srcs: net:i_croc_soc/i_user/_11_ net:i_croc_soc/i_user/_22_ 
    bbox = ( 757.31, 1124.44 ) - ( 757.345, 1124.45 ) on Layer Metal2
  violation type: Metal Spacing
    srcs: net:net3066 
    bbox = ( 844.7, 1226.5 ) - ( 844.99, 1226.67 ) on Layer Metal2
  violation type: Metal Spacing
    srcs: net:net3066 
    bbox = ( 842.3, 1226.5 ) - ( 842.59, 1226.67 ) on Layer Metal2
  violation type: Metal Spacing
    srcs: net:net3066 
    bbox = ( 849.46, 1229.45 ) - ( 849.5, 1229.86 ) on Layer Metal2
  violation type: Metal Spacing
    srcs: net:net3066 
    bbox = ( 849.46, 1229.66 ) - ( 849.5, 1229.86 ) on Layer Metal2
  violation type: Metal Spacing
    srcs: net:net3066 
    bbox = ( 849.46, 1229.86 ) - ( 849.5, 1230.03 ) on Layer Metal2
  violation type: Metal Spacing
    srcs: net:net3066 
    bbox = ( 849.02, 1229.86 ) - ( 849.46, 1230.03 ) on Layer Metal2
  violation type: Metal Spacing
    srcs: net:net3058 
    bbox = ( 873, 1229.86 ) - ( 873.02, 1230.03 ) on Layer Metal2
  violation type: Metal Spacing
    srcs: net:net3058 
    bbox = ( 870.62, 1229.86 ) - ( 870.91, 1230.03 ) on Layer Metal2
  violation type: Metal Spacing
    srcs: net:net3367 
    bbox = ( 849.02, 1234.06 ) - ( 849.31, 1234.23 ) on Layer Metal2
  violation type: Metal Spacing
    srcs: net:net3367 
    bbox = ( 846.62, 1234.06 ) - ( 846.91, 1234.23 ) on Layer Metal2
  violation type: Metal Spacing
    srcs: net:net3367 
    bbox = ( 851.42, 1234.06 ) - ( 851.71, 1234.23 ) on Layer Metal2
  violation type: Metal Spacing
    srcs: net:net6078 
    bbox = ( 872.54, 1218.94 ) - ( 872.785, 1219.11 ) on Layer Metal2
  violation type: Metal Spacing
    srcs: net:net3923 
    bbox = ( 454.7, 640.6 ) - ( 454.92, 640.7 ) on Layer Metal2
  violation type: Metal Spacing
    srcs: net:net3923 
    bbox = ( 454.72, 640.6 ) - ( 454.92, 640.7 ) on Layer Metal2
  violation type: Short
    srcs: net:i_croc_soc/i_croc/i_dm_top.i_dm_top/_4048_ net:VDD 
    bbox = ( 789.74, 748.34 ) - ( 789.94, 748.54 ) on Layer Metal2
  violation type: Metal Spacing
    srcs: net:net2682 
    bbox = ( 770.055, 1060.18 ) - ( 770.345, 1060.19 ) on Layer Metal2
  violation type: Metal Spacing
    srcs: net:net3540 
    bbox = ( 784.22, 1055.98 ) - ( 784.51, 1056.15 ) on Layer Metal2
  violation type: Metal Spacing
    srcs: net:net3540 
    bbox = ( 776.06, 1055.98 ) - ( 776.35, 1056.15 ) on Layer Metal2
  violation type: Metal Spacing
    srcs: net:net3540 
    bbox = ( 784.22, 1060.18 ) - ( 784.51, 1060.35 ) on Layer Metal2
  violation type: Metal Spacing
    srcs: net:net3540 
    bbox = ( 781.34, 1060.18 ) - ( 781.63, 1060.35 ) on Layer Metal2
  violation type: Metal Spacing
    srcs: net:net3540 
    bbox = ( 777.98, 1063.54 ) - ( 778.27, 1063.71 ) on Layer Metal2
  violation type: Metal Spacing
    srcs: net:net3540 
    bbox = ( 773.18, 1067.74 ) - ( 773.47, 1067.91 ) on Layer Metal2
  violation type: Metal Spacing
    srcs: net:i_croc_soc/i_croc/_0918_ net:net1143 
    bbox = ( 773.035, 1063.76 ) - ( 773.18, 1063.96 ) on Layer Metal2
  violation type: Metal Spacing
    srcs: net:net3106 
    bbox = ( 783.26, 1075.3 ) - ( 783.55, 1075.47 ) on Layer Metal2
  violation type: Short
    srcs: net:net3529 net:net3120 
    bbox = ( 783.26, 1094.16 ) - ( 783.46, 1094.2 ) on Layer Metal2
  violation type: Short
    srcs: net:net3529 net:net3120 
    bbox = ( 783.26, 1094.16 ) - ( 783.535, 1094.2 ) on Layer Metal2
  violation type: Metal Spacing
    srcs: net:net3529 
    bbox = ( 769.12, 1093.78 ) - ( 769.15, 1093.95 ) on Layer Metal2
  violation type: Metal Spacing
    srcs: net:net3529 
    bbox = ( 768.86, 1093.78 ) - ( 769.15, 1093.95 ) on Layer Metal2
  violation type: Metal Spacing
    srcs: net:net3120 
    bbox = ( 783.245, 1094.41 ) - ( 783.535, 1094.42 ) on Layer Metal2
  violation type: Short
    srcs: net:i_croc_soc/i_croc/core_instr_obi_req_67_ net:i_croc_soc/i_croc/core_instr_obi_req_70_ 
    bbox = ( 956.54, 992.36 ) - ( 956.625, 992.56 ) on Layer Metal2
  violation type: Short
    srcs: net:i_croc_soc/i_croc/_2643_ net:i_croc_soc/i_croc/_2860_ 
    bbox = ( 944.555, 1056.36 ) - ( 944.755, 1056.38 ) on Layer Metal2
  violation type: Short
    srcs: net:i_croc_soc/i_croc/_2643_ net:i_croc_soc/i_croc/_2860_ 
    bbox = ( 944.555, 1056.36 ) - ( 944.83, 1056.38 ) on Layer Metal2
  violation type: Metal Spacing
    srcs: net:i_croc_soc/i_croc/_2643_ net:i_croc_soc/i_croc/_2860_ 
    bbox = ( 944.83, 1056.36 ) - ( 944.835, 1056.4 ) on Layer Metal2
  violation type: Metal Spacing
    srcs: net:i_croc_soc/i_croc/_2643_ net:i_croc_soc/i_croc/_2860_ 
    bbox = ( 944.83, 1056.36 ) - ( 944.835, 1056.43 ) on Layer Metal2
  violation type: Metal Spacing
    srcs: net:i_croc_soc/i_croc/_2643_ net:i_croc_soc/i_croc/_2860_ 
    bbox = ( 944.83, 1056.4 ) - ( 944.835, 1056.41 ) on Layer Metal2
  violation type: Metal Spacing
    srcs: net:i_croc_soc/i_croc/_2643_ net:i_croc_soc/i_croc/_2860_ 
    bbox = ( 944.83, 1056.41 ) - ( 944.835, 1056.43 ) on Layer Metal2
  violation type: Short
    srcs: net:i_croc_soc/i_croc/i_core_wrap/i_ibex.csr_mtvec_9_ net:net1376 
    bbox = ( 1073.77, 844.52 ) - ( 1073.86, 844.72 ) on Layer Metal2
  violation type: Short
    srcs: net:i_croc_soc/i_croc/i_core_wrap/i_ibex.csr_mtvec_9_ net:net1376 
    bbox = ( 1073.77, 844.52 ) - ( 1073.95, 844.72 ) on Layer Metal2
  violation type: Metal Spacing
    srcs: net:i_croc_soc/i_croc/i_core_wrap/_0484_ net:net5955 
    bbox = ( 1194.14, 1052.41 ) - ( 1194.34, 1052.42 ) on Layer Metal2
  violation type: Metal Spacing
    srcs: net:i_croc_soc/i_croc/i_core_wrap/_0484_ net:net5955 
    bbox = ( 1194.1, 1052.41 ) - ( 1194.38, 1052.42 ) on Layer Metal2
  violation type: Metal Spacing
    srcs: net:i_croc_soc/i_croc/i_core_wrap/_0399_ net:i_croc_soc/i_croc/i_core_wrap/_0662_ 
    bbox = ( 1195.1, 1053.67 ) - ( 1195.3, 1053.68 ) on Layer Metal2
